<?xml version="1.0" encoding="UTF-8"?>
<!-- Generated by org.testng.reporters.JUnitXMLReporter -->
<testsuite hostname="DESKTOP-T5IOI3H" ignored="0" name="Test" tests="4" failures="2" timestamp="2022-07-06T17:57:08 CEST" time="9.701" errors="0">
  <testcase name="VerifyMoviesList" time="7.323" classname="test.VerifyMoviesListedAfter2019">
    <failure type="java.lang.AssertionError" message="Failure reason: Actual and expected movie names differs. expected [true] but found [false]">
      <![CDATA[java.lang.AssertionError: Failure reason: Actual and expected movie names differs. expected [true] but found [false]
at test.VerifyMoviesListedAfter2019.VerifyMoviesList(VerifyMoviesListedAfter2019.java:48)
at java.util.ArrayList.forEach(Unknown Source)
... Removed 34 stack frames]]>
    </failure>
  </testcase> <!-- VerifyMoviesList -->
  <testcase name="checkStatuscode200" time="0.203" classname="test.VerifyStatuscode"/>
  <testcase name="checkStatuscode401" time="0.271" classname="test.VerifyStatuscode"/>
  <testcase name="topRatedMovieResponseCheck" time="1.79" classname="test.TopRatedMovieResponse">
    <failure type="java.lang.AssertionError" message="Failure message: Response do not contain sgs expected [true] but found [false]">
      <![CDATA[java.lang.AssertionError: Failure message: Response do not contain sgs expected [true] but found [false]
at test.TopRatedMovieResponse.topRatedMovieResponseCheck(TopRatedMovieResponse.java:46)
at java.util.ArrayList.forEach(Unknown Source)
... Removed 34 stack frames]]>
    </failure>
  </testcase> <!-- topRatedMovieResponseCheck -->
</testsuite> <!-- Test -->
