<?xml version="1.0" encoding="UTF-8"?>
<testsuite xmlns:xsi="http://www.w3.org/2001/XMLSchema-instance" xsi:noNamespaceSchemaLocation="https://maven.apache.org/surefire/maven-surefire-plugin/xsd/surefire-test-report-3.0.xsd" version="3.0" name="TestSuite" time="11.852" tests="4" errors="0" skipped="0" failures="2">
  <properties>
[...]
</properties>
  <testcase name="VerifyMoviesList" classname="test.VerifyMoviesListedAfter2019" time="7.336">
    <failure message="Failure reason: Actual and expected movie names differs. expected [true] but found [false]" type="java.lang.AssertionError"><![CDATA[java.lang.AssertionError: Failure reason: Actual and expected movie names differs. expected [true] but found [false]
	at test.VerifyMoviesListedAfter2019.VerifyMoviesList(VerifyMoviesListedAfter2019.java:48)
]]></failure>
    <system-out><![CDATA[Request method:	GET
Request URI:	https://api.themoviedb.org/3/movie/top_rated?api_key=acc8dc6e3d4a22bd4fa00d589d0123d1
Proxy:			<none>
Request params:	<none>
Query params:	api_key=acc8dc6e3d4a22bd4fa00d589d0123d1
Form params:	<none>
Path params:	<none>
Headers:		Accept=*/*
				Content-Type=application/json; charset=UTF-8
Cookies:		<none>
Multiparts:		<none>
Body:			<none>
Impossible Things
Gabriel's Inferno
Gabriel's Inferno: Part II
Your Eyes Tell
Violet Evergarden: The Movie
Gabriel's Inferno: Part III
]]></system-out>
    <system-err><![CDATA[SLF4J: Failed to load class "org.slf4j.impl.StaticLoggerBinder".
SLF4J: Defaulting to no-operation (NOP) logger implementation
SLF4J: See http://www.slf4j.org/codes.html#StaticLoggerBinder for further details.
]]></system-err>
  </testcase>
  <testcase name="checkStatuscode200" classname="test.VerifyStatuscode" time="0.205">
    <system-out><![CDATA[Request method:	GET
Request URI:	https://api.themoviedb.org/3/movie/top_rated?api_key=acc8dc6e3d4a22bd4fa00d589d0123d1
Proxy:			<none>
Request params:	<none>
Query params:	api_key=acc8dc6e3d4a22bd4fa00d589d0123d1
Form params:	<none>
Path params:	<none>
Headers:		Accept=*/*
				Content-Type=application/json; charset=UTF-8
Cookies:		<none>
Multiparts:		<none>
Body:			<none>
]]></system-out>
  </testcase>
  <testcase name="checkStatuscode401" classname="test.VerifyStatuscode" time="0.273">
    <system-out><![CDATA[Request method:	GET
Request URI:	https://api.themoviedb.org/3/movie/top_rated?api_key=acc8dc6e3d4a22bd4fa00d589d0123d10
Proxy:			<none>
Request params:	<none>
Query params:	api_key=acc8dc6e3d4a22bd4fa00d589d0123d10
Form params:	<none>
Path params:	<none>
Headers:		Accept=*/*
				Content-Type=application/json; charset=UTF-8
Cookies:		<none>
Multiparts:		<none>
Body:			<none>
]]></system-out>
  </testcase>
  <testcase name="topRatedMovieResponseCheck" classname="test.TopRatedMovieResponse" time="1.791">
    <failure message="Failure message: Response do not contain sgs expected [true] but found [false]" type="java.lang.AssertionError"><![CDATA[java.lang.AssertionError: Failure message: Response do not contain sgs expected [true] but found [false]
	at test.TopRatedMovieResponse.topRatedMovieResponseCheck(TopRatedMovieResponse.java:46)
]]></failure>
  </testcase>
</testsuite>